Sat Apr 14 13:03:59 MSK 2018
Success
Sat Apr 14 13:04:03 MSK 2018
Success
Sat Apr 14 13:04:34 MSK 2018
Success
Sat Apr 14 13:04:40 MSK 2018
Success
Sat Apr 14 13:04:43 MSK 2018
pandoc: enroll.d: openFile: does not exist (No such file or directory)
Sat Apr 14 13:07:37 MSK 2018
pandoc: enroll.d: openFile: does not exist (No such file or directory)
Sat Apr 14 13:08:39 MSK 2018
pandoc: enroll.d: openFile: does not exist (No such file or directory)
pandoc: index.d: openFile: does not exist (No such file or directory)
pandoc: science.d: openFile: does not exist (No such file or directory)
Success
Sat Apr 14 13:08:41 MSK 2018
pandoc: enroll.d: openFile: does not exist (No such file or directory)
pandoc: index.d: openFile: does not exist (No such file or directory)
pandoc: science.d: openFile: does not exist (No such file or directory)
Success
Sat Apr 14 13:08:53 MSK 2018
Success
Sat Apr 14 13:08:55 MSK 2018
pandoc: enroll.m: openFile: does not exist (No such file or directory)
pandoc: index.m: openFile: does not exist (No such file or directory)
pandoc: science.m: openFile: does not exist (No such file or directory)
Success
Sat Apr 14 13:09:24 MSK 2018
Success
Sat Apr 14 13:09:29 MSK 2018
pandoc: enroll.m: openFile: does not exist (No such file or directory)
Sat Apr 14 13:13:12 MSK 2018
pandoc: enroll.m: openFile: does not exist (No such file or directory)
Sat Apr 14 13:13:19 MSK 2018
Success
Sat Apr 14 13:13:34 MSK 2018
Success
Sat Apr 14 13:13:50 MSK 2018
Success
Sat Apr 14 13:16:01 MSK 2018
Success
Sat Apr 14 13:16:24 MSK 2018
Success
Sat Apr 14 13:16:35 MSK 2018
Success
Sat Apr 14 13:17:33 MSK 2018
Success
Sat Apr 14 13:18:00 MSK 2018
Success
Sat Apr 14 13:18:10 MSK 2018
pandoc: enrol.md: openFile: does not exist (No such file or directory)
Sat Apr 14 13:18:30 MSK 2018
Success
Sat Apr 14 13:18:39 MSK 2018
Success
Sat Apr 14 13:20:05 MSK 2018
Success
Sat Apr 14 13:20:25 MSK 2018
Success
Sat Apr 14 13:22:22 MSK 2018
Success
Sat Apr 14 13:22:28 MSK 2018
Success
Sat Apr 14 13:23:22 MSK 2018
Success
Sat Apr 14 13:23:27 MSK 2018
Success
Sat Apr 14 13:23:49 MSK 2018
Success
Sat Apr 14 13:25:15 MSK 2018
Success
Sat Apr 14 13:27:55 MSK 2018
Success
Sat Apr 14 13:29:34 MSK 2018
Success
Sat Apr 14 13:29:53 MSK 2018
Success
Sat Apr 14 13:30:34 MSK 2018
Success
